This file contains any messages produced by compilers while
running configure, to aid debugging if configure makes a mistake.

configure:552: checking for a BSD compatible install
configure:605: checking whether build environment is sane
configure:662: checking whether make sets ${MAKE}
configure:708: checking for working aclocal
configure:721: checking for working autoconf
configure:734: checking for working automake
configure:747: checking for working autoheader
configure:760: checking for working makeinfo
configure:780: checking for gcc
configure:857: checking whether the C compiler (gcc  ) works
configure:871: gcc -o conftest    conftest.c  1>&5
configure:891: checking whether the C compiler (gcc  ) is a cross-compiler
configure:896: checking whether we are using GNU C
configure:905: gcc -E conftest.c
configure:920: checking whether gcc accepts -g
configure:948: checking how to run the C preprocessor
configure:969: gcc -E  conftest.c >/dev/null 2>conftest.out
configure:1010: checking whether gcc needs -traditional
configure:1059: checking for gcc option to accept ANSI C
configure:1112: gcc  -c -g -O2  conftest.c 1>&5
configure:1138: checking for function prototypes
configure:1300: checking for ranlib
configure:1337: checking for a BSD compatible install
configure:1415: checking for unistd.h
configure:1425: gcc -E  conftest.c >/dev/null 2>conftest.out
configure:1415: checking for alloca.h
configure:1425: gcc -E  conftest.c >/dev/null 2>conftest.out
configure:1415: checking for libintl.h
configure:1425: gcc -E  conftest.c >/dev/null 2>conftest.out
configure:1452: checking for /usr/ucblib in LIBS
configure:1468: checking for strerror
configure:1496: gcc -o conftest -Wall -g -O2   conftest.c  1>&5
configure:1523: checking for gettext
configure:1551: gcc -o conftest -Wall -g -O2   conftest.c  1>&5
configure:1578: checking for dgettext
configure:1606: gcc -o conftest -Wall -g -O2   conftest.c  1>&5
configure:1631: checking for setreuid
configure:1659: gcc -o conftest -Wall -g -O2   conftest.c  1>&5
